<?xml version="1.0" encoding="UTF-8"?>
<!-- Generated by org.testng.reporters.JUnitXMLReporter -->
<testsuite ignored="0" hostname="DESKTOP-VPAM2FR" failures="0" tests="12" name="sakshingpAPP Test" time="40.897" errors="0" timestamp="2023-05-23T17:45:46 IST">
  <testcase classname="sakshingp.testcases.TC_LoginPage" name="TC_LP_001" time="1.336"/>
  <testcase classname="sakshingp.testcases.TC_HomePage" name="TC_HP_001" time="2.024"/>
  <testcase classname="sakshingp.testcases.TC_LoginPage" name="TC_LP_002" time="0.14"/>
  <testcase classname="sakshingp.testcases.TC_LoginPage" name="TC_LP_003" time="0.657"/>
  <testcase classname="sakshingp.testcases.TC_LoginPage" name="TC_LP_004" time="0.085"/>
  <testcase classname="sakshingp.testcases.TC_LoginPage" name="TC_LP_005" time="0.1"/>
  <testcase classname="sakshingp.testcases.TC_LoginPage" name="TC_LP_006" time="0.663"/>
  <testcase classname="sakshingp.testcases.TC_LoginPage" name="TC_LP_007" time="0.352"/>
  <testcase classname="sakshingp.testcases.TC_LoginPage" name="TC_LP_008" time="0.403"/>
  <testcase classname="sakshingp.testcases.TC_LoginPage" name="TC_LP_009" time="0.471"/>
  <testcase classname="sakshingp.testcases.TC_LoginPage" name="TC_LP_010" time="0.302"/>
  <testcase classname="sakshingp.testcases.TC_LoginPage" name="TC_LP_011" time="0.316"/>
</testsuite> <!-- sakshingpAPP Test -->
